<?xml version="1.0" encoding="UTF-8"?>
<!-- Generated by org.testng.reporters.JUnitXMLReporter -->
<testsuite ignored="0" hostname="Mac" failures="0" tests="4" name="Default test" time="12.823" errors="0" timestamp="2025-05-25T04:48:27 EDT">
  <testcase classname="test_TRY.TekArckApi" name="loginTest" time="2.516"/>
  <testcase classname="test_TRY.TekArckApi" name="getUserTest" time="2.637"/>
  <testcase classname="test_TRY.TekArckApi" name="addUserTest" time="1.872"/>
  <testcase classname="test_TRY.TekArckApi" name="deleteUser" time="5.638"/>
</testsuite> <!-- Default test -->
