<?xml version="1.0" encoding="UTF-8"?>
<!-- Generated by org.testng.reporters.JUnitXMLReporter -->
<testsuite ignored="0" hostname="Mac" failures="0" tests="4" name="Default test" time="14.285" errors="0" timestamp="2025-05-24T17:09:01 EDT">
  <testcase classname="test_TRY.TekArckApi" name="loginTest" time="0.924"/>
  <testcase classname="test_TRY.TekArckApi" name="getUserTest" time="6.112"/>
  <testcase classname="test_TRY.TekArckApi" name="addUserTest" time="0.285"/>
  <testcase classname="test_TRY.TekArckApi" name="updateUser" time="6.814"/>
</testsuite> <!-- Default test -->
