<?xml version="1.0" encoding="UTF-8"?>
<testng-results ignored="0" total="4" passed="4" failed="0" skipped="0">
  <reporter-output>
  </reporter-output>
  <suite started-at="2025-05-25T04:48:15 EDT" name="Default suite" finished-at="2025-05-25T04:48:27 EDT" duration-ms="12823">
    <groups>
    </groups>
    <test started-at="2025-05-25T04:48:15 EDT" name="Default test" finished-at="2025-05-25T04:48:27 EDT" duration-ms="12823">
      <class name="test_TRY.TekArckApi">
        <test-method is-config="true" signature="init()[pri:0, instance:test_TRY.TekArckApi@48fa0f47]" started-at="2025-05-25T04:48:15 EDT" name="init" finished-at="2025-05-25T04:48:15 EDT" duration-ms="143" status="PASS">
          <reporter-output>
          </reporter-output>
        </test-method> <!-- init -->
        <test-method signature="loginTest()[pri:1, instance:test_TRY.TekArckApi@48fa0f47]" started-at="2025-05-25T04:48:15 EDT" name="loginTest" finished-at="2025-05-25T04:48:17 EDT" duration-ms="2516" status="PASS">
          <reporter-output>
          </reporter-output>
        </test-method> <!-- loginTest -->
        <test-method is-config="true" signature="init()[pri:0, instance:test_TRY.TekArckApi@48fa0f47]" started-at="2025-05-25T04:48:17 EDT" name="init" finished-at="2025-05-25T04:48:17 EDT" duration-ms="0" status="PASS">
          <reporter-output>
          </reporter-output>
        </test-method> <!-- init -->
        <test-method signature="getUserTest(java.lang.String)[pri:2, instance:test_TRY.TekArckApi@48fa0f47]" started-at="2025-05-25T04:48:17 EDT" name="getUserTest" finished-at="2025-05-25T04:48:20 EDT" depends-on-methods="test_TRY.TekArckApi.loginTest" duration-ms="2637" status="PASS">
          <params>
            <param index="0">
              <value>
                <![CDATA[0]]>
              </value>
            </param>
          </params>
          <reporter-output>
          </reporter-output>
        </test-method> <!-- getUserTest -->
        <test-method is-config="true" signature="init()[pri:0, instance:test_TRY.TekArckApi@48fa0f47]" started-at="2025-05-25T04:48:20 EDT" name="init" finished-at="2025-05-25T04:48:20 EDT" duration-ms="0" status="PASS">
          <reporter-output>
          </reporter-output>
        </test-method> <!-- init -->
        <test-method signature="addUserTest()[pri:3, instance:test_TRY.TekArckApi@48fa0f47]" started-at="2025-05-25T04:48:20 EDT" name="addUserTest" finished-at="2025-05-25T04:48:22 EDT" depends-on-methods="test_TRY.TekArckApi.loginTest" duration-ms="1872" status="PASS">
          <reporter-output>
          </reporter-output>
        </test-method> <!-- addUserTest -->
        <test-method signature="deleteUser()[pri:5, instance:test_TRY.TekArckApi@48fa0f47]" started-at="2025-05-25T04:48:22 EDT" name="deleteUser" finished-at="2025-05-25T04:48:27 EDT" depends-on-methods="test_TRY.TekArckApi.loginTest" duration-ms="5638" status="PASS">
          <reporter-output>
          </reporter-output>
        </test-method> <!-- deleteUser -->
        <test-method is-config="true" signature="init()[pri:0, instance:test_TRY.TekArckApi@48fa0f47]" started-at="2025-05-25T04:48:22 EDT" name="init" finished-at="2025-05-25T04:48:22 EDT" duration-ms="0" status="PASS">
          <reporter-output>
          </reporter-output>
        </test-method> <!-- init -->
      </class> <!-- test_TRY.TekArckApi -->
    </test> <!-- Default test -->
  </suite> <!-- Default suite -->
</testng-results>
