<?xml version="1.0" encoding="UTF-8"?>
<testng-results ignored="0" total="4" passed="4" failed="0" skipped="0">
  <reporter-output>
  </reporter-output>
  <suite started-at="2025-05-24T17:08:46 EDT" name="Default suite" finished-at="2025-05-24T17:09:01 EDT" duration-ms="14285">
    <groups>
    </groups>
    <test started-at="2025-05-24T17:08:46 EDT" name="Default test" finished-at="2025-05-24T17:09:01 EDT" duration-ms="14285">
      <class name="test_TRY.TekArckApi">
        <test-method is-config="true" signature="init()[pri:0, instance:test_TRY.TekArckApi@6ac13091]" started-at="2025-05-24T17:08:46 EDT" name="init" finished-at="2025-05-24T17:08:47 EDT" duration-ms="136" status="PASS">
          <reporter-output>
          </reporter-output>
        </test-method> <!-- init -->
        <test-method signature="loginTest()[pri:1, instance:test_TRY.TekArckApi@6ac13091]" started-at="2025-05-24T17:08:47 EDT" name="loginTest" finished-at="2025-05-24T17:08:47 EDT" duration-ms="924" status="PASS">
          <reporter-output>
          </reporter-output>
        </test-method> <!-- loginTest -->
        <test-method is-config="true" signature="init()[pri:0, instance:test_TRY.TekArckApi@6ac13091]" started-at="2025-05-24T17:08:47 EDT" name="init" finished-at="2025-05-24T17:08:47 EDT" duration-ms="0" status="PASS">
          <reporter-output>
          </reporter-output>
        </test-method> <!-- init -->
        <test-method signature="getUserTest(java.lang.String)[pri:2, instance:test_TRY.TekArckApi@6ac13091]" started-at="2025-05-24T17:08:47 EDT" name="getUserTest" finished-at="2025-05-24T17:08:54 EDT" depends-on-methods="test_TRY.TekArckApi.loginTest" duration-ms="6112" status="PASS">
          <params>
            <param index="0">
              <value>
                <![CDATA[0]]>
              </value>
            </param>
          </params>
          <reporter-output>
          </reporter-output>
        </test-method> <!-- getUserTest -->
        <test-method is-config="true" signature="init()[pri:0, instance:test_TRY.TekArckApi@6ac13091]" started-at="2025-05-24T17:08:54 EDT" name="init" finished-at="2025-05-24T17:08:54 EDT" duration-ms="0" status="PASS">
          <reporter-output>
          </reporter-output>
        </test-method> <!-- init -->
        <test-method signature="addUserTest()[pri:3, instance:test_TRY.TekArckApi@6ac13091]" started-at="2025-05-24T17:08:54 EDT" name="addUserTest" finished-at="2025-05-24T17:08:54 EDT" depends-on-methods="test_TRY.TekArckApi.loginTest" duration-ms="285" status="PASS">
          <reporter-output>
          </reporter-output>
        </test-method> <!-- addUserTest -->
        <test-method is-config="true" signature="init()[pri:0, instance:test_TRY.TekArckApi@6ac13091]" started-at="2025-05-24T17:08:54 EDT" name="init" finished-at="2025-05-24T17:08:54 EDT" duration-ms="0" status="PASS">
          <reporter-output>
          </reporter-output>
        </test-method> <!-- init -->
        <test-method signature="updateUser()[pri:4, instance:test_TRY.TekArckApi@6ac13091]" started-at="2025-05-24T17:08:54 EDT" name="updateUser" finished-at="2025-05-24T17:09:01 EDT" depends-on-methods="test_TRY.TekArckApi.loginTest" duration-ms="6814" status="PASS">
          <reporter-output>
          </reporter-output>
        </test-method> <!-- updateUser -->
      </class> <!-- test_TRY.TekArckApi -->
    </test> <!-- Default test -->
  </suite> <!-- Default suite -->
</testng-results>
