<?xml version="1.0" encoding="UTF-8"?>
<!-- Generated by org.testng.reporters.JUnitReportReporter -->
<testsuite hostname="Mac" failures="0" tests="3" name="test_TRY.TekArckApiMethodReusablity" time="5.705" errors="0" timestamp="2025-05-14T13:40:40 EDT" skipped="0">
  <testcase classname="test_TRY.TekArckApiMethodReusablity" name="loginTest" time="3.143"/>
  <system-out/>
  <testcase classname="test_TRY.TekArckApiMethodReusablity" name="getUserTest" time="2.273"/>
  <system-out/>
  <testcase classname="test_TRY.TekArckApiMethodReusablity" name="addUserTest" time="0.289"/>
  <system-out/>
</testsuite> <!-- test_TRY.TekArckApiMethodReusablity -->
