<?xml version="1.0" encoding="UTF-8"?>
<!-- Generated by org.testng.reporters.JUnitReportReporter -->
<testsuite hostname="Mac" failures="0" tests="4" name="test_TRY.TekArckApi" time="14.271" errors="0" timestamp="2025-05-24T17:09:01 EDT" skipped="0">
  <testcase classname="test_TRY.TekArckApi" name="loginTest" time="0.924"/>
  <system-out/>
  <testcase classname="test_TRY.TekArckApi" name="getUserTest" time="6.112"/>
  <system-out/>
  <testcase classname="test_TRY.TekArckApi" name="addUserTest" time="0.285"/>
  <system-out/>
  <testcase classname="test_TRY.TekArckApi" name="updateUser" time="6.950"/>
  <system-out/>
</testsuite> <!-- test_TRY.TekArckApi -->
