<?xml version="1.0" encoding="UTF-8"?>
<!-- Generated by org.testng.reporters.JUnitReportReporter -->
<testsuite hostname="Mac" failures="0" tests="4" name="test_TRY.TekArckApi" time="12.806" errors="0" timestamp="2025-05-25T04:48:27 EDT" skipped="0">
  <testcase classname="test_TRY.TekArckApi" name="loginTest" time="2.516"/>
  <system-out/>
  <testcase classname="test_TRY.TekArckApi" name="getUserTest" time="2.780"/>
  <system-out/>
  <testcase classname="test_TRY.TekArckApi" name="addUserTest" time="1.872"/>
  <system-out/>
  <testcase classname="test_TRY.TekArckApi" name="deleteUser" time="5.638"/>
  <system-out/>
</testsuite> <!-- test_TRY.TekArckApi -->
