<?xml version="1.0" encoding="UTF-8"?>
<!-- Generated by org.testng.reporters.JUnitReportReporter -->
<testsuite hostname="Mac" failures="0" tests="3" name="tests.TekArckApiMethodReusablity" time="1.602" errors="0" timestamp="2025-04-10T19:40:20 EDT" skipped="0">
  <testcase classname="tests.TekArckApiMethodReusablity" name="loginTest" time="1.161"/>
  <system-out/>
  <testcase classname="tests.TekArckApiMethodReusablity" name="getUserTest" time="0.237"/>
  <system-out/>
  <testcase classname="tests.TekArckApiMethodReusablity" name="addUserTest" time="0.204"/>
  <system-out/>
</testsuite> <!-- tests.TekArckApiMethodReusablity -->
